<?xml version="1.0" encoding="UTF-8"?>
<!-- Generated by org.testng.reporters.JUnitXMLReporter -->
<testsuite hostname="DESKTOP-CEP0DE1" ignored="0" name="Default test" tests="4" failures="0" timestamp="2021-01-31T22:17:25 EST" time="13.135" errors="0">
  <testcase name="Registration" time="3.199" classname="Amazon.EndtoEndProject.DataDrivenSignup"/>
  <testcase name="Registration" time="1.724" classname="Amazon.EndtoEndProject.DataDrivenSignup"/>
  <testcase name="Registration" time="1.095" classname="Amazon.EndtoEndProject.DataDrivenSignup"/>
  <testcase name="Registration" time="1.491" classname="Amazon.EndtoEndProject.DataDrivenSignup"/>
</testsuite> <!-- Default test -->
