<?xml version="1.0" encoding="UTF-8"?>
<!-- Generated by org.testng.reporters.JUnitXMLReporter -->
<testsuite hostname="DESKTOP-CEP0DE1" ignored="0" name="Adding Multiple item in cart through different methods and validating" tests="2" failures="0" timestamp="2021-01-26T19:58:08 EST" time="55.427" errors="0">
  <testcase name="HomePage" time="34.993" classname="Amazon.EndtoEndProject.AmazonAddingSameItemstoCart"/>
  <testcase name="Increasequantity" time="13.358" classname="Amazon.EndtoEndProject.AmazonAddingSameItemstoCart"/>
</testsuite> <!-- Adding Multiple item in cart through different methods and validating -->
