<?xml version="1.0" encoding="UTF-8"?>
<!-- Generated by org.testng.reporters.JUnitXMLReporter -->
<testsuite hostname="DESKTOP-CEP0DE1" ignored="0" name="Getting Registration Data from Excel" tests="4" failures="0" timestamp="2021-01-31T20:24:30 EST" time="56.685" errors="0">
  <testcase name="Registration" time="18.158" classname="Amazon.EndtoEndProject.DataDrivenSignup"/>
  <testcase name="Registration" time="8.935" classname="Amazon.EndtoEndProject.DataDrivenSignup"/>
  <testcase name="Registration" time="2.498" classname="Amazon.EndtoEndProject.DataDrivenSignup"/>
  <testcase name="Registration" time="2.121" classname="Amazon.EndtoEndProject.DataDrivenSignup"/>
</testsuite> <!-- Getting Registration Data from Excel -->
