<?xml version="1.0" encoding="UTF-8"?>
<!-- Generated by org.testng.reporters.JUnitXMLReporter -->
<testsuite hostname="DESKTOP-CEP0DE1" ignored="0" name="Adding Multiple items in cart and validating" tests="2" failures="0" timestamp="2021-01-30T15:26:36 EST" time="85.514" errors="0">
  <testcase name="AddingMultipleItems" time="67.424" classname="Amazon.EndtoEndProject.AmazonAddingMultipleItemstoCart"/>
  <testcase name="RemovingAllItems" time="10.881" classname="Amazon.EndtoEndProject.AmazonAddingMultipleItemstoCart"/>
</testsuite> <!-- Adding Multiple items in cart and validating -->
