<?xml version="1.0" encoding="UTF-8"?>
<!-- Generated by org.testng.reporters.JUnitXMLReporter -->
<testsuite hostname="DESKTOP-CEP0DE1" ignored="0" name="Validating LoginPage" tests="3" failures="0" timestamp="2021-01-30T15:26:24 EST" time="73.972" errors="0">
  <testcase name="loginPagaNavigation" time="31.207" classname="Amazon.EndtoEndProject.AmazonLogin"/>
  <testcase name="loginPagaNavigation" time="8.677" classname="Amazon.EndtoEndProject.AmazonLogin"/>
  <testcase name="loginPagaNavigation" time="26.664" classname="Amazon.EndtoEndProject.AmazonLogin"/>
</testsuite> <!-- Validating LoginPage -->
