<?xml version="1.0" encoding="UTF-8"?>
<testsuite xmlns:xsi="http://www.w3.org/2001/XMLSchema-instance" xsi:noNamespaceSchemaLocation="https://maven.apache.org/surefire/maven-surefire-plugin/xsd/surefire-test-report.xsd" name="TestSuite" time="86.986" tests="8" errors="0" skipped="0" failures="3">
  <properties>
[...]
</properties>
  <testcase name="Validatingtitle" classname="Amazon.EndtoEndProject.AmazonValidateTitle" time="9.24">
    <failure message="expected [Homepage] but found [Amazon.ca: Low Prices – Fast Shipping – Millions of Items]" type="java.lang.AssertionError">java.lang.AssertionError: expected [Homepage] but found [Amazon.ca: Low Prices – Fast Shipping – Millions of Items]
	at Amazon.EndtoEndProject.AmazonValidateTitle.Validatingtitle(AmazonValidateTitle.java:37)
</failure>
    <system-err><![CDATA[Starting ChromeDriver 87.0.4280.88 (89e2380a3e36c3464b5dd1302349b1382549290d-refs/branch-heads/4280@{#1761}) on port 40924
Only local connections are allowed.
Please see https://chromedriver.chromium.org/security-considerations for suggestions on keeping ChromeDriver safe.
Starting ChromeDriver 87.0.4280.88 (89e2380a3e36c3464b5dd1302349b1382549290d-refs/branch-heads/4280@{#1761}) on port 43244
Only local connections are allowed.
Please see https://chromedriver.chromium.org/security-considerations for suggestions on keeping ChromeDriver safe.
ChromeDriver was started successfully.
ChromeDriver was started successfully.
Starting ChromeDriver 87.0.4280.88 (89e2380a3e36c3464b5dd1302349b1382549290d-refs/branch-heads/4280@{#1761}) on port 24629
Only local connections are allowed.
Please see https://chromedriver.chromium.org/security-considerations for suggestions on keeping ChromeDriver safe.
Starting ChromeDriver 87.0.4280.88 (89e2380a3e36c3464b5dd1302349b1382549290d-refs/branch-heads/4280@{#1761}) on port 17519
Only local connections are allowed.
Please see https://chromedriver.chromium.org/security-considerations for suggestions on keeping ChromeDriver safe.
ChromeDriver was started successfully.
ChromeDriver was started successfully.
Jan 30, 2021 3:25:15 PM org.openqa.selenium.remote.ProtocolHandshake createSession
INFO: Detected dialect: W3C
Jan 30, 2021 3:25:15 PM org.openqa.selenium.remote.ProtocolHandshake createSession
INFO: Detected dialect: W3C
Jan 30, 2021 3:25:15 PM org.openqa.selenium.remote.ProtocolHandshake createSession
INFO: Detected dialect: W3C
Jan 30, 2021 3:25:15 PM org.openqa.selenium.remote.ProtocolHandshake createSession
INFO: Detected dialect: W3C
]]></system-err>
  </testcase>
  <testcase name="loginPagaNavigation" classname="Amazon.EndtoEndProject.AmazonLogin" time="31.208"/>
  <testcase name="loginPagaNavigation" classname="Amazon.EndtoEndProject.AmazonLogin" time="1.914"/>
  <testcase name="loginPagaNavigation" classname="Amazon.EndtoEndProject.AmazonLogin" time="26.667"/>
  <testcase name="HomePage" classname="Amazon.EndtoEndProject.AmazonAddingSameItemstoCart" time="6.206">
    <failure message="no such element: Unable to locate element: {&quot;method&quot;:&quot;xpath&quot;,&quot;selector&quot;:&quot;//span[contains(text(),&apos;Apple iPhone 11 Pro Max, 256GB, Midnight Green, Fully Unlocked (Renewed)&apos;)]&quot;}&#10;  (Session info: chrome=87.0.4280.141)&#10;For documentation on this error, please visit: https://www.seleniumhq.org/exceptions/no_such_element.html&#10;Build info: version: &apos;3.141.59&apos;, revision: &apos;e82be7d358&apos;, time: &apos;2018-11-14T08:17:03&apos;&#10;System info: host: &apos;DESKTOP-CEP0DE1&apos;, ip: &apos;10.0.0.242&apos;, os.name: &apos;Windows 10&apos;, os.arch: &apos;amd64&apos;, os.version: &apos;10.0&apos;, java.version: &apos;1.8.0_65&apos;&#10;Driver info: org.openqa.selenium.chrome.ChromeDriver&#10;Capabilities {acceptInsecureCerts: false, browserName: chrome, browserVersion: 87.0.4280.141, chrome: {chromedriverVersion: 87.0.4280.88 (89e2380a3e36c..., userDataDir: C:\Users\Tooba\AppData\Loca...}, goog:chromeOptions: {debuggerAddress: localhost:53867}, javascriptEnabled: true, networkConnectionEnabled: false, pageLoadStrategy: normal, platform: WINDOWS, platformName: WINDOWS, proxy: Proxy(), setWindowRect: true, strictFileInteractability: false, timeouts: {implicit: 0, pageLoad: 300000, script: 30000}, unhandledPromptBehavior: dismiss and notify, webauthn:virtualAuthenticators: true}&#10;Session ID: 6b602543a0c30217c3968e92911fe49e&#10;*** Element info: {Using=xpath, value=//span[contains(text(),&apos;Apple iPhone 11 Pro Max, 256GB, Midnight Green, Fully Unlocked (Renewed)&apos;)]}" type="org.openqa.selenium.NoSuchElementException">org.openqa.selenium.NoSuchElementException: 
no such element: Unable to locate element: {"method":"xpath","selector":"//span[contains(text(),'Apple iPhone 11 Pro Max, 256GB, Midnight Green, Fully Unlocked (Renewed)')]"}
  (Session info: chrome=87.0.4280.141)
For documentation on this error, please visit: https://www.seleniumhq.org/exceptions/no_such_element.html
Build info: version: '3.141.59', revision: 'e82be7d358', time: '2018-11-14T08:17:03'
System info: host: 'DESKTOP-CEP0DE1', ip: '10.0.0.242', os.name: 'Windows 10', os.arch: 'amd64', os.version: '10.0', java.version: '1.8.0_65'
Driver info: org.openqa.selenium.chrome.ChromeDriver
Capabilities {acceptInsecureCerts: false, browserName: chrome, browserVersion: 87.0.4280.141, chrome: {chromedriverVersion: 87.0.4280.88 (89e2380a3e36c..., userDataDir: C:\Users\Tooba\AppData\Loca...}, goog:chromeOptions: {debuggerAddress: localhost:53867}, javascriptEnabled: true, networkConnectionEnabled: false, pageLoadStrategy: normal, platform: WINDOWS, platformName: WINDOWS, proxy: Proxy(), setWindowRect: true, strictFileInteractability: false, timeouts: {implicit: 0, pageLoad: 300000, script: 30000}, unhandledPromptBehavior: dismiss and notify, webauthn:virtualAuthenticators: true}
Session ID: 6b602543a0c30217c3968e92911fe49e
*** Element info: {Using=xpath, value=//span[contains(text(),'Apple iPhone 11 Pro Max, 256GB, Midnight Green, Fully Unlocked (Renewed)')]}
	at Amazon.EndtoEndProject.AmazonAddingSameItemstoCart.HomePage(AmazonAddingSameItemstoCart.java:57)
</failure>
  </testcase>
  <testcase name="Increasequantity" classname="Amazon.EndtoEndProject.AmazonAddingSameItemstoCart" time="9.366">
    <failure message="no such element: Unable to locate element: {&quot;method&quot;:&quot;css selector&quot;,&quot;selector&quot;:&quot;#sc\-update\-quantity\-select_2&quot;}&#10;  (Session info: chrome=87.0.4280.141)&#10;For documentation on this error, please visit: https://www.seleniumhq.org/exceptions/no_such_element.html&#10;Build info: version: &apos;3.141.59&apos;, revision: &apos;e82be7d358&apos;, time: &apos;2018-11-14T08:17:03&apos;&#10;System info: host: &apos;DESKTOP-CEP0DE1&apos;, ip: &apos;10.0.0.242&apos;, os.name: &apos;Windows 10&apos;, os.arch: &apos;amd64&apos;, os.version: &apos;10.0&apos;, java.version: &apos;1.8.0_65&apos;&#10;Driver info: org.openqa.selenium.chrome.ChromeDriver&#10;Capabilities {acceptInsecureCerts: false, browserName: chrome, browserVersion: 87.0.4280.141, chrome: {chromedriverVersion: 87.0.4280.88 (89e2380a3e36c..., userDataDir: C:\Users\Tooba\AppData\Loca...}, goog:chromeOptions: {debuggerAddress: localhost:53867}, javascriptEnabled: true, networkConnectionEnabled: false, pageLoadStrategy: normal, platform: WINDOWS, platformName: WINDOWS, proxy: Proxy(), setWindowRect: true, strictFileInteractability: false, timeouts: {implicit: 0, pageLoad: 300000, script: 30000}, unhandledPromptBehavior: dismiss and notify, webauthn:virtualAuthenticators: true}&#10;Session ID: 6b602543a0c30217c3968e92911fe49e&#10;*** Element info: {Using=id, value=sc-update-quantity-select_2}" type="org.openqa.selenium.NoSuchElementException">org.openqa.selenium.NoSuchElementException: 
no such element: Unable to locate element: {"method":"css selector","selector":"#sc\-update\-quantity\-select_2"}
  (Session info: chrome=87.0.4280.141)
For documentation on this error, please visit: https://www.seleniumhq.org/exceptions/no_such_element.html
Build info: version: '3.141.59', revision: 'e82be7d358', time: '2018-11-14T08:17:03'
System info: host: 'DESKTOP-CEP0DE1', ip: '10.0.0.242', os.name: 'Windows 10', os.arch: 'amd64', os.version: '10.0', java.version: '1.8.0_65'
Driver info: org.openqa.selenium.chrome.ChromeDriver
Capabilities {acceptInsecureCerts: false, browserName: chrome, browserVersion: 87.0.4280.141, chrome: {chromedriverVersion: 87.0.4280.88 (89e2380a3e36c..., userDataDir: C:\Users\Tooba\AppData\Loca...}, goog:chromeOptions: {debuggerAddress: localhost:53867}, javascriptEnabled: true, networkConnectionEnabled: false, pageLoadStrategy: normal, platform: WINDOWS, platformName: WINDOWS, proxy: Proxy(), setWindowRect: true, strictFileInteractability: false, timeouts: {implicit: 0, pageLoad: 300000, script: 30000}, unhandledPromptBehavior: dismiss and notify, webauthn:virtualAuthenticators: true}
Session ID: 6b602543a0c30217c3968e92911fe49e
*** Element info: {Using=id, value=sc-update-quantity-select_2}
	at Amazon.EndtoEndProject.AmazonAddingSameItemstoCart.Increasequantity(AmazonAddingSameItemstoCart.java:101)
</failure>
  </testcase>
  <testcase name="AddingMultipleItems" classname="Amazon.EndtoEndProject.AmazonAddingMultipleItemstoCart" time="27.451"/>
  <testcase name="RemovingAllItems" classname="Amazon.EndtoEndProject.AmazonAddingMultipleItemstoCart" time="10.881"/>
</testsuite>